Antes
Graph with 94 nodes and 131 edges
Grau max 16
Tempo de execucao:  0.000
Tempo de execucao:  0.000
Diferenca de tempo da V1 para V2: 0.0
Depois
Graph with 62 nodes and 108 edges
Grau max 15
Antes
Graph with 94 nodes and 114 edges
Grau max 14
Tempo de execucao:  0.000
Tempo de execucao:  0.000
Diferenca de tempo da V1 para V2: 0.0
Depois
Graph with 47 nodes and 82 edges
Grau max 13
Antes
Graph with 94 nodes and 123 edges
Grau max 12
Tempo de execucao:  0.000
Tempo de execucao:  0.000
Diferenca de tempo da V1 para V2: 0.0
Depois
Graph with 53 nodes and 94 edges
Grau max 8
!!!! r mudou de 23026 para 18421
Antes
Graph with 94 nodes and 131 edges
Grau max 10
Tempo de execucao:  0.000
Tempo de execucao:  0.000
Diferenca de tempo da V1 para V2: 0.0
Depois
Graph with 59 nodes and 103 edges
Grau max 9
Antes
Graph with 94 nodes and 111 edges
Grau max 9
Tempo de execucao:  0.000
Tempo de execucao:  0.000
Diferenca de tempo da V1 para V2: 0.0
Depois
Graph with 54 nodes and 87 edges
Grau max 9
Antes
Graph with 240 nodes and 323 edges
Grau max 17
Tempo de execucao:  0.000
Tempo de execucao:  0.000
Diferenca de tempo da V1 para V2: 0.0
Depois
Graph with 143 nodes and 253 edges
Grau max 16
!!!! r mudou de 27632 para 23026
Antes
Graph with 240 nodes and 335 edges
Grau max 16
Tempo de execucao:  0.000
Tempo de execucao:  0.000
Diferenca de tempo da V1 para V2: 0.0
Depois
Graph with 146 nodes and 270 edges
Grau max 14
Antes
Graph with 240 nodes and 342 edges
Grau max 15
Tempo de execucao:  0.000
Tempo de execucao:  0.000
Diferenca de tempo da V1 para V2: 0.0
Depois
Graph with 159 nodes and 285 edges
Grau max 14
Antes
Graph with 240 nodes and 333 edges
Grau max 13
Tempo de execucao:  0.000
Tempo de execucao:  0.000
Diferenca de tempo da V1 para V2: 0.0
Depois
Graph with 159 nodes and 278 edges
Grau max 12
Antes
Graph with 240 nodes and 316 edges
Grau max 20
Tempo de execucao:  0.000
Tempo de execucao:  1.000
Diferenca de tempo da V1 para V2: -1.0004043579101562
Depois
Graph with 145 nodes and 246 edges
Grau max 19
Antes
Graph with 486 nodes and 707 edges
Grau max 19
Tempo de execucao:  0.000
Tempo de execucao:  1.000
Diferenca de tempo da V1 para V2: -1.0001659393310547
Depois
Graph with 301 nodes and 564 edges
Grau max 19
Antes
Graph with 486 nodes and 663 edges
Grau max 19
Tempo de execucao:  1.000
Tempo de execucao:  0.000
Diferenca de tempo da V1 para V2: 1.0001659393310547
Depois
Graph with 287 nodes and 522 edges
Grau max 19
Antes
Graph with 486 nodes and 730 edges
Grau max 18
Tempo de execucao:  1.000
Tempo de execucao:  0.000
Diferenca de tempo da V1 para V2: 1.0004043579101562
Depois
Graph with 311 nodes and 617 edges
Grau max 16
!!!! r mudou de 27632 para 23026
Antes
Graph with 486 nodes and 672 edges
Grau max 25
Tempo de execucao:  0.000
Tempo de execucao:  0.000
Diferenca de tempo da V1 para V2: 0.0
Depois
Graph with 290 nodes and 535 edges
Grau max 20
Antes
Graph with 486 nodes and 700 edges
Grau max 21
Tempo de execucao:  0.000
Tempo de execucao:  0.000
Diferenca de tempo da V1 para V2: 0.0
Depois
Graph with 297 nodes and 576 edges
Grau max 18
Antes
Graph with 982 nodes and 1476 edges
Grau max 23
Tempo de execucao:  1.000
Tempo de execucao:  0.000
Diferenca de tempo da V1 para V2: 1.0001659393310547
Depois
Graph with 628 nodes and 1225 edges
Grau max 21
Antes
Graph with 982 nodes and 1418 edges
Grau max 23
Tempo de execucao:  1.000
Tempo de execucao:  0.000
Diferenca de tempo da V1 para V2: 1.0001659393310547
Depois
Graph with 599 nodes and 1148 edges
Grau max 22
Antes
Graph with 982 nodes and 1498 edges
Grau max 25
Tempo de execucao:  1.000
Tempo de execucao:  0.000
Diferenca de tempo da V1 para V2: 1.0001659393310547
Depois
Graph with 634 nodes and 1245 edges
Grau max 24
Antes
Graph with 982 nodes and 1438 edges
Grau max 26
Tempo de execucao:  2.001
Tempo de execucao:  0.000
Diferenca de tempo da V1 para V2: 2.000570297241211
Depois
Graph with 592 nodes and 1188 edges
Grau max 25
Antes
Graph with 982 nodes and 1439 edges
Grau max 30
Tempo de execucao:  1.000
Tempo de execucao:  0.000
Diferenca de tempo da V1 para V2: 1.0001659393310547
Depois
Graph with 613 nodes and 1188 edges
Grau max 25
Antes
Graph with 1975 nodes and 3089 edges
Grau max 32
Tempo de execucao:  2.000
Tempo de execucao:  0.000
Diferenca de tempo da V1 para V2: 2.0003318786621094
Depois
Graph with 1285 nodes and 2618 edges
Grau max 29
Antes
Graph with 1975 nodes and 3107 edges
Grau max 31
Tempo de execucao:  3.001
Tempo de execucao:  0.000
Diferenca de tempo da V1 para V2: 3.0007362365722656
Depois
Graph with 1279 nodes and 2629 edges
Grau max 30
Antes
Graph with 1975 nodes and 3137 edges
Grau max 32
Tempo de execucao:  2.000
Tempo de execucao:  0.000
Diferenca de tempo da V1 para V2: 2.0003318786621094
Depois
Graph with 1296 nodes and 2656 edges
Grau max 29
Antes
Graph with 1975 nodes and 3087 edges
Grau max 32
Tempo de execucao:  2.000
Tempo de execucao:  0.000
Diferenca de tempo da V1 para V2: 2.0003318786621094
Depois
Graph with 1275 nodes and 2632 edges
Grau max 30
Antes
Graph with 1975 nodes and 3005 edges
Grau max 33
Tempo de execucao:  2.001
Tempo de execucao:  0.000
Diferenca de tempo da V1 para V2: 2.0008087158203125
Depois
Graph with 1242 nodes and 2514 edges
Grau max 29
!!!! r mudou de 32237 para 27632
Antes
Graph with 3968 nodes and 6334 edges
Grau max 45
Tempo de execucao:  5.001
Tempo de execucao:  1.000
Diferenca de tempo da V1 para V2: 4.00090217590332
Depois
Graph with 2531 nodes and 5355 edges
Grau max 40
Antes
Graph with 3968 nodes and 6310 edges
Grau max 39
Tempo de execucao:  5.001
Tempo de execucao:  1.000
Diferenca de tempo da V1 para V2: 4.001140594482422
Depois
Graph with 2594 nodes and 5361 edges
Grau max 37
Antes
Graph with 3968 nodes and 6198 edges
Grau max 40
Tempo de execucao:  4.001
Tempo de execucao:  1.000
Diferenca de tempo da V1 para V2: 3.0007362365722656
Depois
Graph with 2492 nodes and 5164 edges
Grau max 38
Antes
Graph with 3968 nodes and 6491 edges
Grau max 43
Tempo de execucao:  5.001
Tempo de execucao:  1.000
Diferenca de tempo da V1 para V2: 4.001140594482422
Depois
Graph with 2604 nodes and 5556 edges
Grau max 39
Antes
Graph with 3968 nodes and 6451 edges
Grau max 44
Tempo de execucao:  4.000
Tempo de execucao:  1.001
Diferenca de tempo da V1 para V2: 2.999544143676758
Depois
Graph with 2574 nodes and 5482 edges
Grau max 38
Antes
Graph with 7955 nodes and 12942 edges
Grau max 50
Tempo de execucao:  9.002
Tempo de execucao:  1.000
Diferenca de tempo da V1 para V2: 8.00180435180664
Depois
Graph with 5084 nodes and 10976 edges
Grau max 50
Antes
Graph with 7955 nodes and 12926 edges
Grau max 53
Tempo de execucao: 10.002
Tempo de execucao:  1.000
Diferenca de tempo da V1 para V2: 9.001970291137695
Depois
Graph with 5095 nodes and 10969 edges
Grau max 47
Antes
Graph with 7955 nodes and 13141 edges
Grau max 63
Tempo de execucao: 11.002
Tempo de execucao:  1.000
Diferenca de tempo da V1 para V2: 10.00213623046875
Depois
Graph with 5195 nodes and 11291 edges
Grau max 57
Antes
Graph with 7955 nodes and 12996 edges
Grau max 71
Tempo de execucao: 10.002
Tempo de execucao:  2.001
Diferenca de tempo da V1 para V2: 8.001565933227539
Depois
Graph with 5147 nodes and 11028 edges
Grau max 65
Antes
Graph with 7955 nodes and 13038 edges
Grau max 57
Tempo de execucao: 11.003
Tempo de execucao:  1.000
Diferenca de tempo da V1 para V2: 10.002613067626953
Depois
Graph with 5137 nodes and 11100 edges
Grau max 51
Antes
Graph with 15943 nodes and 26870 edges
Grau max 80
Tempo de execucao: 18.004
Tempo de execucao:  4.001
Diferenca de tempo da V1 para V2: 14.002799987792969
Depois
Graph with 10425 nodes and 23080 edges
Grau max 74
Antes
Graph with 15943 nodes and 26622 edges
Grau max 70
Tempo de execucao: 21.005
Tempo de execucao:  3.000
Diferenca de tempo da V1 para V2: 18.004179000854492
Depois
Graph with 10321 nodes and 22810 edges
Grau max 65
Antes
Graph with 15943 nodes and 26486 edges
Grau max 82
Tempo de execucao: 22.005
Tempo de execucao:  4.001
Diferenca de tempo da V1 para V2: 18.004655838012695
Depois
Graph with 10292 nodes and 22730 edges
Grau max 74
Antes
Graph with 15943 nodes and 26472 edges
Grau max 74
Tempo de execucao: 23.005
Tempo de execucao:  4.001
Diferenca de tempo da V1 para V2: 19.003629684448242
Depois
Graph with 10270 nodes and 22658 edges
Grau max 68
Antes
Graph with 15943 nodes and 26692 edges
Grau max 82
Tempo de execucao: 28.006
Tempo de execucao:  3.001
Diferenca de tempo da V1 para V2: 25.005578994750977
Depois
Graph with 10366 nodes and 22903 edges
Grau max 80
